<?xml version="1.0" encoding="UTF-8"?>
<testng-results skipped="0" failed="0" ignored="0" total="1" passed="1">
  <reporter-output>
  </reporter-output>
  <suite name="Default suite" duration-ms="80168" started-at="2021-01-28T11:47:19Z" finished-at="2021-01-28T11:48:39Z">
    <groups>
    </groups>
    <test name="Default test" duration-ms="80168" started-at="2021-01-28T11:47:19Z" finished-at="2021-01-28T11:48:39Z">
      <class name="testcases.Project.CreateProject">
        <test-method status="PASS" signature="startSuite()[pri:0, instance:testcases.Project.CreateProject@f381794]" name="startSuite" is-config="true" duration-ms="194" started-at="2021-01-28T11:47:18Z" finished-at="2021-01-28T11:47:19Z">
          <reporter-output>
          </reporter-output>
        </test-method> <!-- startSuite -->
        <test-method status="PASS" signature="startTest()[pri:0, instance:testcases.Project.CreateProject@f381794]" name="startTest" is-config="true" duration-ms="267" started-at="2021-01-28T11:47:20Z" finished-at="2021-01-28T11:47:21Z">
          <reporter-output>
          </reporter-output>
        </test-method> <!-- startTest -->
        <test-method status="PASS" signature="createProject(java.lang.String, java.lang.String, java.lang.String, java.lang.String, java.lang.String, java.lang.String, java.lang.String, java.lang.String, java.lang.String, java.lang.String, java.lang.String, java.lang.String, java.lang.String, java.lang.String)[pri:0, instance:testcases.Project.CreateProject@f381794]" name="createProject" duration-ms="77028" started-at="2021-01-28T11:47:21Z" data-provider="getData" finished-at="2021-01-28T11:48:38Z">
          <params>
            <param index="0">
              <value>
                <![CDATA[1]]>
              </value>
            </param>
            <param index="1">
              <value>
                <![CDATA[9030990045]]>
              </value>
            </param>
            <param index="2">
              <value>
                <![CDATA[Welcome@123]]>
              </value>
            </param>
            <param index="3">
              <value>
                <![CDATA[Automation Project]]>
              </value>
            </param>
            <param index="4">
              <value>
                <![CDATA[WSE Games]]>
              </value>
            </param>
            <param index="5">
              <value>
                <![CDATA[http://dev.wenat.beegram.in/project]]>
              </value>
            </param>
            <param index="6">
              <value>
                <![CDATA[Lorem ipsum, or lipsum as it is sometimes known, is dummy text used in laying out print, graphic or web designs. The passage is attributed to an unknown typesetter in the 15th century who is thought to have scrambled parts of Cicero's De Finibus Bonorum et Malorum for use in a type specimen book]]>
              </value>
            </param>
            <param index="7">
              <value>
                <![CDATA[Lorem ipsum, or lipsum as it is sometimes known, is dummy text used in laying out print, graphic or web designs. The passage is attributed to an unknown typesetter in the 15th century who is thought to have scrambled parts of Cicero's De Finibus Bonorum et Malorum for use in a type specimen book]]>
              </value>
            </param>
            <param index="8">
              <value>
                <![CDATA[Lorem ipsum, or lipsum as it is sometimes known, is dummy text used in laying out print, graphic or web designs. The passage is attributed to an unknown typesetter in the 15th century who is thought to have scrambled parts of Cicero's De Finibus Bonorum et Malorum for use in a type specimen book]]>
              </value>
            </param>
            <param index="9">
              <value>
                <![CDATA[Indonesia]]>
              </value>
            </param>
            <param index="10">
              <value>
                <![CDATA[Central Java]]>
              </value>
            </param>
            <param index="11">
              <value>
                <![CDATA[Baki]]>
              </value>
            </param>
            <param index="12">
              <value>
                <![CDATA[30-Jan-2021]]>
              </value>
            </param>
            <param index="13">
              <value>
                <![CDATA[999]]>
              </value>
            </param>
          </params>
          <reporter-output>
          </reporter-output>
        </test-method> <!-- createProject -->
        <test-method status="PASS" signature="endTest(org.testng.ITestResult)[pri:0, instance:testcases.Project.CreateProject@f381794]" name="endTest" is-config="true" duration-ms="1111" started-at="2021-01-28T11:48:38Z" finished-at="2021-01-28T11:48:39Z">
          <params>
            <param index="0">
              <value>
                <![CDATA[[TestResult name=createProject status=SUCCESS method=CreateProject.createProject(java.lang.String, java.lang.String, java.lang.String, java.lang.String, java.lang.String, java.lang.String, java.lang.String, java.lang.String, java.lang.String, java.lang.String, java.lang.String, java.lang.String, java.lang.String, java.lang.String)[pri:0, instance:testcases.Project.CreateProject@f381794] output={null}]]]>
              </value>
            </param>
          </params>
          <reporter-output>
          </reporter-output>
        </test-method> <!-- endTest -->
        <test-method status="PASS" signature="endSuite()[pri:0, instance:testcases.Project.CreateProject@f381794]" name="endSuite" is-config="true" duration-ms="710" started-at="2021-01-28T11:48:39Z" finished-at="2021-01-28T11:48:40Z">
          <reporter-output>
          </reporter-output>
        </test-method> <!-- endSuite -->
      </class> <!-- testcases.Project.CreateProject -->
    </test> <!-- Default test -->
  </suite> <!-- Default suite -->
</testng-results>
